<?xml version="1.0" encoding="utf-8"?><testsuites name="pytest tests"><testsuite name="pytest" errors="0" failures="0" skipped="0" tests="16" time="379.596" timestamp="2026-04-01T00:05:21.269898+07:00" hostname="MSI"><testcase classname="test_01_import_schedule" name="test_import_schedule_valid" time="23.932" /><testcase classname="test_01_import_schedule" name="test_import_schedule_conflict" time="12.897" /><testcase classname="test_01_import_schedule" name="test_import_schedule_invalid_format" time="12.777" /><testcase classname="test_02_change_room" name="test_change_room_normal_flow" time="32.068" /><testcase classname="test_02_change_room" name="test_change_room_abnormal_reject" time="35.603" /><testcase classname="test_02_change_room" name="test_change_room_abnormal_cancel" time="25.916" /><testcase classname="test_02_change_room" name="test_change_room_abnormal_validation" time="28.597" /><testcase classname="test_03_manual_booking" name="test_manual_booking_normal_flow" time="33.910" /><testcase classname="test_03_manual_booking" name="test_manual_booking_abnormal_conflict" time="24.941" /><testcase classname="test_03_manual_booking" name="test_manual_booking_rejection_flow" time="38.387" /><testcase classname="test_03_manual_booking" name="test_manual_booking_cancellation_flow" time="28.527" /><testcase classname="test_04_manage_equipment" name="test_manage_equipment_normal_flow" time="22.418" /><testcase classname="test_04_manage_equipment" name="test_manage_equipment_edit" time="19.111" /><testcase classname="test_04_manage_equipment" name="test_manage_equipment_delete" time="12.893" /><testcase classname="test_04_manage_equipment" name="test_manage_equipment_validation_error" time="11.080" /><testcase classname="test_04_manage_equipment" name="test_manage_equipment_edit_validation_error" time="16.458" /></testsuite></testsuites>